<?xml version="1.0" encoding="UTF-8"?>
<!-- Generated by org.testng.reporters.JUnitXMLReporter -->
<testsuite hostname="DESKTOP-6OH6MVQ" ignored="0" name="retrysuite" tests="4" failures="1" timestamp="27 Sep 2022 17:33:53 GMT" time="0.085" errors="0">
  <testcase name="Test1" time="0.019" classname="TestNG.Test001">
    <skipped/>
  </testcase> <!-- Test1 -->
  <testcase name="Test1" time="0.004" classname="TestNG.Test001">
    <skipped/>
  </testcase> <!-- Test1 -->
  <testcase name="Test1" time="0.006" classname="TestNG.Test001">
    <failure type="java.lang.AssertionError" message="expected [true] but found [false]">
      <![CDATA[java.lang.AssertionError: expected [true] but found [false]
at TestNG.Test001.Test1(Test001.java:11)
... Removed 31 stack frames]]>
    </failure>
  </testcase> <!-- Test1 -->
  <testcase name="Test2" time="0.002" classname="TestNG.Test001"/>
</testsuite> <!-- retrysuite -->
